{
  "Cucumber Features": {
    "coverage": {
      "/home/ryan/Git/Ritcheys-Rowdies/reviews/features/support/paths.rb": [
        null,
        null,
        null,
        null,
        null,
        1,
        null,
        null,
        null,
        null,
        null,
        null,
        1,
        17,
        null,
        null,
        10,
        null,
        null,
        4,
        null,
        null,
        1,
        null,
        null,
        2,
        null,
        null,
        null,
        null,
        null,
        null,
        null,
        0,
        0,
        0,
        0,
        0,
        0,
        null,
        null,
        null,
        null,
        null,
        null,
        1
      ],
      "/home/ryan/Git/Ritcheys-Rowdies/reviews/features/support/selectors.rb": [
        null,
        null,
        null,
        null,
        null,
        1,
        null,
        null,
        null,
        null,
        null,
        null,
        1,
        null,
        null,
        null,
        null,
        null,
        null,
        null,
        null,
        null,
        null,
        null,
        null,
        null,
        null,
        null,
        null,
        null,
        null,
        null,
        null,
        null,
        null,
        null,
        null,
        null,
        null,
        null,
        null,
        null,
        null,
        1
      ],
      "/home/ryan/Git/Ritcheys-Rowdies/reviews/features/step_definitions/web_steps.rb": [
        null,
        null,
        null,
        null,
        null,
        null,
        null,
        null,
        null,
        null,
        null,
        null,
        null,
        null,
        null,
        null,
        null,
        null,
        null,
        null,
        null,
        1,
        1,
        1,
        1,
        null,
        1,
        17,
        null,
        null,
        1,
        3,
        null,
        null,
        1,
        4,
        null,
        null,
        1,
        8,
        null,
        null,
        null,
        null,
        null,
        null,
        null,
        null,
        null,
        null,
        null,
        null,
        null,
        null,
        null,
        null,
        1,
        7,
        7,
        null,
        0,
        null,
        null,
        null,
        1,
        6,
        6,
        null,
        0,
        null,
        null,
        null,
        1,
        16,
        16,
        null,
        0,
        null,
        null,
        null,
        1,
        14,
        14,
        null,
        0,
        null,
        null
      ],
      "/home/ryan/Git/Ritcheys-Rowdies/reviews/app/controllers/application_controller.rb": [
        1,
        1,
        null,
        1,
        50,
        null,
        1,
        0,
        null,
        null
      ],
      "/home/ryan/Git/Ritcheys-Rowdies/reviews/app/helpers/application_helper.rb": [
        1,
        null
      ],
      "/home/ryan/Git/Ritcheys-Rowdies/reviews/app/helpers/emergency_helper.rb": [
        1,
        null
      ],
      "/home/ryan/Git/Ritcheys-Rowdies/reviews/app/helpers/reviews_helper.rb": [
        null,
        null,
        null,
        1,
        1,
        1,
        1,
        null,
        null,
        1,
        null,
        null,
        null,
        1,
        1,
        1,
        null,
        null,
        1,
        1,
        1,
        1,
        null,
        null,
        null,
        null,
        null,
        null,
        null,
        null,
        null,
        null,
        null,
        null,
        null,
        null,
        null,
        null,
        null,
        null,
        null,
        null,
        null,
        null,
        null,
        null,
        null,
        null,
        null,
        null,
        null,
        1,
        3,
        3,
        null,
        null,
        null,
        3,
        3,
        null,
        null,
        1,
        0,
        0,
        null,
        null,
        null,
        null,
        0,
        0,
        null,
        null,
        null,
        null,
        null,
        null,
        null,
        null,
        null,
        null,
        null,
        null,
        null,
        null,
        null,
        null,
        null,
        null,
        1,
        3,
        3,
        null,
        3,
        null,
        null,
        1,
        3,
        3,
        0,
        0,
        null,
        3,
        0,
        0,
        null,
        3,
        60,
        null,
        3,
        null,
        null,
        1,
        60,
        60,
        60,
        60,
        60,
        60,
        null,
        0,
        null,
        60,
        null,
        60,
        60,
        60,
        60,
        60,
        60,
        60,
        null,
        null,
        0,
        0,
        0,
        0,
        0,
        null,
        60,
        null,
        null,
        1,
        0,
        0,
        0,
        0,
        0,
        0,
        null,
        null,
        0,
        0,
        null,
        0,
        null,
        null,
        1,
        0,
        0,
        0,
        0,
        0,
        0,
        0,
        0,
        0,
        null,
        0,
        0,
        null,
        0,
        0,
        null,
        0,
        0,
        null,
        0,
        0,
        null,
        null,
        0,
        0,
        0,
        null,
        0,
        0,
        null,
        0,
        0,
        null,
        0,
        0,
        null,
        0,
        0,
        null,
        0,
        null,
        null,
        1,
        63,
        63,
        3,
        null,
        null
      ],
      "/home/ryan/Git/Ritcheys-Rowdies/reviews/app/helpers/sessions_helper.rb": [
        1,
        null
      ],
      "/home/ryan/Git/Ritcheys-Rowdies/reviews/app/controllers/reviews_controller.rb": [
        1,
        1,
        1,
        null,
        1,
        1,
        null,
        1,
        null,
        14,
        3,
        3,
        3,
        0,
        0,
        0,
        null,
        null,
        3,
        null,
        null,
        3,
        3,
        null,
        11,
        null,
        null,
        null,
        null,
        1,
        2,
        null,
        null,
        null,
        1,
        3,
        null,
        3,
        null,
        3,
        null,
        null,
        null,
        1,
        null,
        null,
        1,
        0,
        0,
        null,
        null,
        1,
        0,
        0,
        0,
        0,
        0,
        null,
        0,
        null,
        null,
        null,
        null,
        1,
        3,
        null,
        null,
        1,
        0,
        null,
        null,
        null
      ],
      "/home/ryan/Git/Ritcheys-Rowdies/reviews/app/models/review.rb": [
        1,
        null
      ]
    },
    "timestamp": 1575512432
  },
  "RSpec": {
    "coverage": {
      "/home/ryan/Git/Ritcheys-Rowdies/reviews/app/models/review.rb": [
        1,
        null
      ]
    },
    "timestamp": 1575512440
  }
}
